<?xml version="1.0" encoding="UTF-8"?>
<!-- Generated by org.testng.reporters.JUnitXMLReporter -->
<testsuite hostname="LAPTOP-R2V2MCT2" ignored="1" name="Banking App" tests="5" failures="2" timestamp="2021-12-29T20:09:03 EST" time="80.677" errors="0">
  <testcase name="loginDDT" time="11.558" classname="Com.RBC.TestCases.TC_LoginTestDDT_002"/>
  <testcase name="loginDDT" time="4.892" classname="Com.RBC.TestCases.TC_LoginTestDDT_002">
    <failure type="java.lang.AssertionError" message="expected [true] but found [false]">
      <![CDATA[java.lang.AssertionError: expected [true] but found [false]
at Com.RBC.TestCases.TC_LoginTestDDT_002.loginDDT(TC_LoginTestDDT_002.java:33)
at java.util.ArrayList.forEach(ArrayList.java:1259)
... Removed 31 stack frames]]>
    </failure>
  </testcase> <!-- loginDDT -->
  <testcase name="loginDDT" time="4.748" classname="Com.RBC.TestCases.TC_LoginTestDDT_002">
    <failure type="java.lang.AssertionError" message="expected [true] but found [false]">
      <![CDATA[java.lang.AssertionError: expected [true] but found [false]
at Com.RBC.TestCases.TC_LoginTestDDT_002.loginDDT(TC_LoginTestDDT_002.java:33)
at java.util.ArrayList.forEach(ArrayList.java:1259)
... Removed 31 stack frames]]>
    </failure>
  </testcase> <!-- loginDDT -->
  <testcase name="loginDDT" time="8.696" classname="Com.RBC.TestCases.TC_LoginTestDDT_002"/>
  <testcase name="addNewCustomerTest" time="41.234" classname="Com.RBC.TestCases.TC_AddCustomer_003"/>
  <testcase name="loginTest" time="0.0" classname="Com.RBC.TestCases.TC_LoginTest_001">
    <ignored/>
  </testcase> <!-- loginTest -->
</testsuite> <!-- Banking App -->
