<?xml version="1.0" encoding="UTF-8"?>
<!-- Generated by org.testng.reporters.JUnitXMLReporter -->
<testsuite hostname="LAPTOP-R2V2MCT2" ignored="1" name="Banking App" tests="2" failures="1" timestamp="30 Dec 2021 02:10:20 GMT" time="54.35" errors="0">
  <testcase name="loginDDT" time="0.0" classname="Com.RBC.TestCases.TC_LoginTestDDT_002">
    <failure type="org.testng.TestNGException" message="
Method public void Com.RBC.TestCases.TC_LoginTestDDT_002.loginDDT(java.lang.String,java.lang.String) throws java.lang.InterruptedException requires a @DataProvider named : LoginData">
      <![CDATA[org.testng.TestNGException: 
Method public void Com.RBC.TestCases.TC_LoginTestDDT_002.loginDDT(java.lang.String,java.lang.String) throws java.lang.InterruptedException requires a @DataProvider named : LoginData
... Removed 25 stack frames]]>
    </failure>
  </testcase> <!-- loginDDT -->
  <testcase name="addNewCustomerTest" time="42.586" classname="Com.RBC.TestCases.TC_AddCustomer_003"/>
  <testcase name="loginTest" time="0.0" classname="Com.RBC.TestCases.TC_LoginTest_001">
    <ignored/>
  </testcase> <!-- loginTest -->
</testsuite> <!-- Banking App -->
